  SendNetMsg.cpp
  aimbot.cpp
  bonesetup.cpp
  button.cpp
  callbacks.cpp
  chams.cpp
  checkbox.cpp
  client.cpp
  clientdll.cpp
  clientmode.cpp
  clientstate.cpp
  colorpicker.cpp
  config.cpp
  csgo.cpp
  cvar.cpp
  dropdown.cpp
  edit.cpp
  engine.cpp
  entry.cpp
  events.cpp
  firebullets.cpp
  form.cpp
  game_movement.cpp
  grenade_path.cpp
  grenades.cpp
  gui.cpp
  hooks.cpp
  hvh.cpp
  keybind.cpp
  knifebot.cpp
  lagcomp.cpp
  matchframework.cpp
  materialsystem.cpp
  math.cpp
  modelrender.cpp
  movement.cpp
  multidropdown.cpp
  netchannel.cpp
  netdata.cpp
  networking.cpp
  panel.cpp
  penetration.cpp
  player.cpp
  pred.cpp
  prediction.cpp
  render.cpp
  renderview.cpp
  resolver.cpp
  server_sound.cpp
  shadowmgr.cpp
  shots.cpp
  skins.cpp
  slider.cpp
  surface.cpp
  viewrender.cpp
  visuals.cpp
  wndproc.cpp
  Code wird generiert.
  1025 of 8276 functions (12.4%) were compiled, the rest were copied from previous compilation.
    0 functions were new in current compilation
    100 functions had inline decision re-evaluated but remain unchanged
  Codegenerierung ist abgeschlossen.
  supremacy_csgo.vcxproj -> C:\Users\incsk\Downloads\eax vaper buidl\batmanbuild-d51d0a075f46ea620dccb30c0bf7399af53060ff\batmanbuild-d51d0a075f46ea620dccb30c0bf7399af53060ff\batmanbuild-d51d0a075f46ea620dccb30c0bf7399af53060ff\output\release\eax.dll
